<?xml version="1.0" encoding="UTF-8"?>
<!-- Generated by org.testng.reporters.JUnitXMLReporter -->
<testsuite ignored="0" hostname="DESKTOP-LA038U6" failures="0" tests="3" name="Default test" time="34.726" errors="0" timestamp="٢٠٢٥-٠٤-٠٤T٠٦:٠١:٤٩ EET">
  <testcase classname="DemoWebShop.Tests.RegiterationTests" name="validRegiter" time="2.509"/>
  <testcase classname="DemoWebShop.Tests.RegiterationTests" name="registerWithEmptyFields" time="1.491"/>
  <testcase classname="DemoWebShop.Tests.RegiterationTests" name="registerWithRegisterdEmail" time="1.892"/>
</testsuite> <!-- Default test -->
