<?xml version="1.0" encoding="UTF-8"?>
<!-- Generated by org.testng.reporters.JUnitXMLReporter -->
<testsuite ignored="0" hostname="DESKTOP-LA038U6" failures="0" tests="3" name="SubmitOrderTest" time="46.773" errors="0" timestamp="٢٠٢٥-٠٣-٢٧T٠٦:٠٧:٥٢ EET">
  <testcase classname="Templates.Tests.SubmitOrderTest" name="submitOrderTest" time="7.245"/>
  <testcase classname="Templates.Tests.SubmitOrderTest" name="submitOrderTest" time="5.154"/>
  <testcase classname="Templates.Tests.SubmitOrderTest" name="orderHistoryTest" time="1.228"/>
</testsuite> <!-- SubmitOrderTest -->
