<?xml version="1.0" encoding="UTF-8"?>
<testng-results ignored="0" total="3" passed="3" failed="0" skipped="0">
  <reporter-output>
  </reporter-output>
  <suite started-at="٢٠٢٥-٠٤-٠٤T٠٦:٠١:١٤ EET" name="Default suite" finished-at="٢٠٢٥-٠٤-٠٤T٠٦:٠١:٤٩ EET" duration-ms="34726">
    <groups>
    </groups>
    <test started-at="٢٠٢٥-٠٤-٠٤T٠٦:٠١:١٤ EET" name="Default test" finished-at="٢٠٢٥-٠٤-٠٤T٠٦:٠١:٤٩ EET" duration-ms="34726">
      <class name="DemoWebShop.Tests.RegiterationTests">
        <test-method is-config="true" signature="launchBrowser()[pri:0, instance:DemoWebShop.Tests.RegiterationTests@1e800aaa]" started-at="٢٠٢٥-٠٤-٠٤T٠٦:٠١:١٥ EET" name="launchBrowser" finished-at="٢٠٢٥-٠٤-٠٤T٠٦:٠١:٢٧ EET" duration-ms="11264" status="PASS">
          <reporter-output>
          </reporter-output>
        </test-method> <!-- launchBrowser -->
        <test-method signature="validRegiter(java.lang.String,java.lang.String,java.lang.String,java.lang.String,java.lang.String)[pri:1, instance:DemoWebShop.Tests.RegiterationTests@1e800aaa]" started-at="٢٠٢٥-٠٤-٠٤T٠٦:٠١:٢٧ EET" name="validRegiter" data-provider="validRegister" finished-at="٢٠٢٥-٠٤-٠٤T٠٦:٠١:٢٩ EET" duration-ms="2509" status="PASS">
          <params>
            <param index="0">
              <value>
                <![CDATA[male]]>
              </value>
            </param>
            <param index="1">
              <value>
                <![CDATA[Mohammed]]>
              </value>
            </param>
            <param index="2">
              <value>
                <![CDATA[Hasan]]>
              </value>
            </param>
            <param index="3">
              <value>
                <![CDATA[yes.mido9957@gmail.com]]>
              </value>
            </param>
            <param index="4">
              <value>
                <![CDATA[123456]]>
              </value>
            </param>
          </params>
          <reporter-output>
          </reporter-output>
        </test-method> <!-- validRegiter -->
        <test-method is-config="true" signature="teardown()[pri:0, instance:DemoWebShop.Tests.RegiterationTests@1e800aaa]" started-at="٢٠٢٥-٠٤-٠٤T٠٦:٠١:٢٩ EET" name="teardown" finished-at="٢٠٢٥-٠٤-٠٤T٠٦:٠١:٣٠ EET" duration-ms="485" status="PASS">
          <reporter-output>
          </reporter-output>
        </test-method> <!-- teardown -->
        <test-method is-config="true" signature="launchBrowser()[pri:0, instance:DemoWebShop.Tests.RegiterationTests@1e800aaa]" started-at="٢٠٢٥-٠٤-٠٤T٠٦:٠١:٣٠ EET" name="launchBrowser" finished-at="٢٠٢٥-٠٤-٠٤T٠٦:٠١:٣٧ EET" duration-ms="7763" status="PASS">
          <reporter-output>
          </reporter-output>
        </test-method> <!-- launchBrowser -->
        <test-method signature="registerWithEmptyFields()[pri:2, instance:DemoWebShop.Tests.RegiterationTests@1e800aaa]" started-at="٢٠٢٥-٠٤-٠٤T٠٦:٠١:٣٧ EET" name="registerWithEmptyFields" finished-at="٢٠٢٥-٠٤-٠٤T٠٦:٠١:٣٩ EET" duration-ms="1491" status="PASS">
          <reporter-output>
          </reporter-output>
        </test-method> <!-- registerWithEmptyFields -->
        <test-method is-config="true" signature="teardown()[pri:0, instance:DemoWebShop.Tests.RegiterationTests@1e800aaa]" started-at="٢٠٢٥-٠٤-٠٤T٠٦:٠١:٣٩ EET" name="teardown" finished-at="٢٠٢٥-٠٤-٠٤T٠٦:٠١:٣٩ EET" duration-ms="276" status="PASS">
          <reporter-output>
          </reporter-output>
        </test-method> <!-- teardown -->
        <test-method is-config="true" signature="launchBrowser()[pri:0, instance:DemoWebShop.Tests.RegiterationTests@1e800aaa]" started-at="٢٠٢٥-٠٤-٠٤T٠٦:٠١:٣٩ EET" name="launchBrowser" finished-at="٢٠٢٥-٠٤-٠٤T٠٦:٠١:٤٦ EET" duration-ms="7232" status="PASS">
          <reporter-output>
          </reporter-output>
        </test-method> <!-- launchBrowser -->
        <test-method signature="registerWithRegisterdEmail(java.lang.String,java.lang.String,java.lang.String,java.lang.String,java.lang.String)[pri:2, instance:DemoWebShop.Tests.RegiterationTests@1e800aaa]" started-at="٢٠٢٥-٠٤-٠٤T٠٦:٠١:٤٦ EET" name="registerWithRegisterdEmail" data-provider="inValidRegister" finished-at="٢٠٢٥-٠٤-٠٤T٠٦:٠١:٤٨ EET" duration-ms="1892" status="PASS">
          <params>
            <param index="0">
              <value>
                <![CDATA[male]]>
              </value>
            </param>
            <param index="1">
              <value>
                <![CDATA[Mohammed]]>
              </value>
            </param>
            <param index="2">
              <value>
                <![CDATA[Hasan]]>
              </value>
            </param>
            <param index="3">
              <value>
                <![CDATA[yes.mido22@gmail.com]]>
              </value>
            </param>
            <param index="4">
              <value>
                <![CDATA[123456]]>
              </value>
            </param>
          </params>
          <reporter-output>
          </reporter-output>
        </test-method> <!-- registerWithRegisterdEmail -->
        <test-method is-config="true" signature="teardown()[pri:0, instance:DemoWebShop.Tests.RegiterationTests@1e800aaa]" started-at="٢٠٢٥-٠٤-٠٤T٠٦:٠١:٤٨ EET" name="teardown" finished-at="٢٠٢٥-٠٤-٠٤T٠٦:٠١:٤٩ EET" duration-ms="326" status="PASS">
          <reporter-output>
          </reporter-output>
        </test-method> <!-- teardown -->
      </class> <!-- DemoWebShop.Tests.RegiterationTests -->
    </test> <!-- Default test -->
  </suite> <!-- Default suite -->
</testng-results>
